2022-09-13 09:58:03.451 INFO  org.hibernate.validator.internal.util.Version     :21   [32m        [0;39m HV000001: Hibernate Validator 6.2.4.Final
2022-09-13 09:58:03.451 INFO  com.coursehub.gateway.GatewayApplication          :55   [32m        [0;39m Starting GatewayApplication using Java 1.8.0_342 on MacBook-Pro.local with PID 35073 (/Users/minix/Documents/Course_content/imooc/course-hub/gateway/target/classes started by minix in /Users/minix/Documents/Course_content/imooc/course-hub)
2022-09-13 09:58:03.454 INFO  com.coursehub.gateway.GatewayApplication          :634  [32m        [0;39m No active profile set, falling back to 1 default profile: "default"
2022-09-13 09:58:04.029 INFO  o.springframework.cloud.context.scope.GenericScope:283  [32m        [0;39m BeanFactory id=0fab58d5-b1b2-3bff-a14d-305fae731f0b
2022-09-13 09:58:04.079 INFO  o.s.c.s.PostProcessorRegistrationDelegate$BeanPostProcessorChecker:376  [32m        [0;39m Bean 'org.springframework.cloud.client.loadbalancer.reactive.LoadBalancerBeanPostProcessorAutoConfiguration' of type [org.springframework.cloud.client.loadbalancer.reactive.LoadBalancerBeanPostProcessorAutoConfiguration] is not eligible for getting processed by all BeanPostProcessors (for example: not eligible for auto-proxying)
2022-09-13 09:58:04.080 INFO  o.s.c.s.PostProcessorRegistrationDelegate$BeanPostProcessorChecker:376  [32m        [0;39m Bean 'org.springframework.cloud.client.loadbalancer.reactive.LoadBalancerBeanPostProcessorAutoConfiguration$ReactorDeferringLoadBalancerFilterConfig' of type [org.springframework.cloud.client.loadbalancer.reactive.LoadBalancerBeanPostProcessorAutoConfiguration$ReactorDeferringLoadBalancerFilterConfig] is not eligible for getting processed by all BeanPostProcessors (for example: not eligible for auto-proxying)
2022-09-13 09:58:04.081 INFO  o.s.c.s.PostProcessorRegistrationDelegate$BeanPostProcessorChecker:376  [32m        [0;39m Bean 'reactorDeferringLoadBalancerExchangeFilterFunction' of type [org.springframework.cloud.client.loadbalancer.reactive.DeferringLoadBalancerExchangeFilterFunction] is not eligible for getting processed by all BeanPostProcessors (for example: not eligible for auto-proxying)
2022-09-13 09:58:05.273 INFO  org.springframework.cloud.commons.util.InetUtils  :170  [32m        [0;39m Cannot determine local hostname
2022-09-13 09:58:05.503 INFO  o.s.c.gateway.route.RouteDefinitionRouteLocator   :88   [32m        [0;39m Loaded RoutePredicateFactory [After]
2022-09-13 09:58:05.504 INFO  o.s.c.gateway.route.RouteDefinitionRouteLocator   :88   [32m        [0;39m Loaded RoutePredicateFactory [Before]
2022-09-13 09:58:05.504 INFO  o.s.c.gateway.route.RouteDefinitionRouteLocator   :88   [32m        [0;39m Loaded RoutePredicateFactory [Between]
2022-09-13 09:58:05.504 INFO  o.s.c.gateway.route.RouteDefinitionRouteLocator   :88   [32m        [0;39m Loaded RoutePredicateFactory [Cookie]
2022-09-13 09:58:05.504 INFO  o.s.c.gateway.route.RouteDefinitionRouteLocator   :88   [32m        [0;39m Loaded RoutePredicateFactory [Header]
2022-09-13 09:58:05.504 INFO  o.s.c.gateway.route.RouteDefinitionRouteLocator   :88   [32m        [0;39m Loaded RoutePredicateFactory [Host]
2022-09-13 09:58:05.504 INFO  o.s.c.gateway.route.RouteDefinitionRouteLocator   :88   [32m        [0;39m Loaded RoutePredicateFactory [Method]
2022-09-13 09:58:05.505 INFO  o.s.c.gateway.route.RouteDefinitionRouteLocator   :88   [32m        [0;39m Loaded RoutePredicateFactory [Path]
2022-09-13 09:58:05.505 INFO  o.s.c.gateway.route.RouteDefinitionRouteLocator   :88   [32m        [0;39m Loaded RoutePredicateFactory [Query]
2022-09-13 09:58:05.505 INFO  o.s.c.gateway.route.RouteDefinitionRouteLocator   :88   [32m        [0;39m Loaded RoutePredicateFactory [ReadBody]
2022-09-13 09:58:05.505 INFO  o.s.c.gateway.route.RouteDefinitionRouteLocator   :88   [32m        [0;39m Loaded RoutePredicateFactory [RemoteAddr]
2022-09-13 09:58:05.505 INFO  o.s.c.gateway.route.RouteDefinitionRouteLocator   :88   [32m        [0;39m Loaded RoutePredicateFactory [XForwardedRemoteAddr]
2022-09-13 09:58:05.505 INFO  o.s.c.gateway.route.RouteDefinitionRouteLocator   :88   [32m        [0;39m Loaded RoutePredicateFactory [Weight]
2022-09-13 09:58:05.505 INFO  o.s.c.gateway.route.RouteDefinitionRouteLocator   :88   [32m        [0;39m Loaded RoutePredicateFactory [CloudFoundryRouteService]
2022-09-13 09:58:05.701 INFO  o.s.c.n.e.c.DiscoveryClientOptionalArgsConfiguration:68   [32m        [0;39m Eureka HTTP Client uses RestTemplate.
2022-09-13 09:58:06.739 INFO  org.springframework.cloud.commons.util.InetUtils  :170  [32m        [0;39m Cannot determine local hostname
2022-09-13 09:58:07.758 INFO  org.springframework.cloud.commons.util.InetUtils  :170  [32m        [0;39m Cannot determine local hostname
2022-09-13 09:58:07.790 WARN  o.s.c.l.c.LoadBalancerCacheAutoConfiguration$LoadBalancerCaffeineWarnLogger:82   [32m        [0;39m Spring Cloud LoadBalancer is currently working with the default cache. While this cache implementation is useful for development and tests, it's recommended to use Caffeine cache in production.You can switch to using Caffeine cache, by adding it and org.springframework.cache.caffeine.CaffeineCacheManager to the classpath.
2022-09-13 09:58:07.837 INFO  o.s.cloud.netflix.eureka.InstanceInfoFactory      :67   [32m        [0;39m Setting initial instance status as: STARTING
2022-09-13 09:58:07.858 INFO  com.netflix.discovery.DiscoveryClient             :372  [32m        [0;39m Initializing Eureka in region us-east-1
2022-09-13 09:58:07.861 INFO  c.n.d.shared.resolver.aws.ConfigClusterResolver   :43   [32m        [0;39m Resolving eureka endpoints via configuration
2022-09-13 09:58:07.873 INFO  com.netflix.discovery.DiscoveryClient             :1007 [32m        [0;39m Disable delta property : false
2022-09-13 09:58:07.874 INFO  com.netflix.discovery.DiscoveryClient             :1008 [32m        [0;39m Single vip registry refresh property : null
2022-09-13 09:58:07.874 INFO  com.netflix.discovery.DiscoveryClient             :1009 [32m        [0;39m Force full registry fetch : false
2022-09-13 09:58:07.874 INFO  com.netflix.discovery.DiscoveryClient             :1010 [32m        [0;39m Application is null : false
2022-09-13 09:58:07.874 INFO  com.netflix.discovery.DiscoveryClient             :1011 [32m        [0;39m Registered Applications size is zero : true
2022-09-13 09:58:07.874 INFO  com.netflix.discovery.DiscoveryClient             :1013 [32m        [0;39m Application version is -1: true
2022-09-13 09:58:07.874 INFO  com.netflix.discovery.DiscoveryClient             :1097 [32m        [0;39m Getting all instance registry info from the eureka server
2022-09-13 09:58:08.115 INFO  com.netflix.discovery.DiscoveryClient             :1106 [32m        [0;39m The response status is 200
2022-09-13 09:58:08.117 INFO  com.netflix.discovery.DiscoveryClient             :1321 [32m        [0;39m Starting heartbeat executor: renew interval is: 30
2022-09-13 09:58:08.119 INFO  com.netflix.discovery.InstanceInfoReplicator      :60   [32m        [0;39m InstanceInfoReplicator onDemand update allowed rate per min is 4
2022-09-13 09:58:08.122 INFO  com.netflix.discovery.DiscoveryClient             :492  [32m        [0;39m Discovery Client initialized at timestamp 1663088288121 with initial instances count: 1
2022-09-13 09:58:08.123 INFO  o.s.c.n.e.serviceregistry.EurekaServiceRegistry   :41   [32m        [0;39m Registering application GATEWAY with eureka with status UP
2022-09-13 09:58:08.123 INFO  com.netflix.discovery.DiscoveryClient             :1352 [32m        [0;39m Saw local status change event StatusChangeEvent [timestamp=1663088288123, current=UP, previous=STARTING]
2022-09-13 09:58:08.124 INFO  com.netflix.discovery.DiscoveryClient             :873  [32m        [0;39m DiscoveryClient_GATEWAY/localhost:gateway:9000: registering service...
2022-09-13 09:58:08.158 INFO  com.netflix.discovery.DiscoveryClient             :882  [32m        [0;39m DiscoveryClient_GATEWAY/localhost:gateway:9000 - registration status: 204
2022-09-13 09:58:08.216 INFO  o.s.boot.web.embedded.netty.NettyWebServer        :111  [32m        [0;39m Netty started on port 9000
2022-09-13 09:58:08.218 INFO  o.s.c.n.e.s.EurekaAutoServiceRegistration         :144  [32m        [0;39m Updating port to 9000
2022-09-13 09:58:09.223 INFO  org.springframework.cloud.commons.util.InetUtils  :170  [32m        [0;39m Cannot determine local hostname
2022-09-13 09:58:10.226 INFO  org.springframework.cloud.commons.util.InetUtils  :170  [32m        [0;39m Cannot determine local hostname
2022-09-13 09:58:10.242 INFO  com.coursehub.gateway.GatewayApplication          :61   [32m        [0;39m Started GatewayApplication in 8.122 seconds (JVM running for 8.714)
2022-09-13 09:58:10.244 INFO  com.coursehub.gateway.GatewayApplication          :22   [32m        [0;39m Successfully started!!
2022-09-13 09:58:10.244 INFO  com.coursehub.gateway.GatewayApplication          :23   [32m        [0;39m Gateway address: 	http://127.0.0.1:9000
2022-09-13 10:03:07.878 INFO  c.n.d.shared.resolver.aws.ConfigClusterResolver   :43   [32m        [0;39m Resolving eureka endpoints via configuration
2022-09-13 10:08:07.882 INFO  c.n.d.shared.resolver.aws.ConfigClusterResolver   :43   [32m        [0;39m Resolving eureka endpoints via configuration
2022-09-13 10:10:36.110 INFO  o.s.c.n.e.serviceregistry.EurekaServiceRegistry   :62   [32m        [0;39m Unregistering application GATEWAY with eureka with status DOWN
2022-09-13 10:10:36.111 INFO  com.netflix.discovery.DiscoveryClient             :1352 [32m        [0;39m Saw local status change event StatusChangeEvent [timestamp=1663089036111, current=DOWN, previous=UP]
2022-09-13 10:10:36.111 INFO  com.netflix.discovery.DiscoveryClient             :873  [32m        [0;39m DiscoveryClient_GATEWAY/localhost:gateway:9000: registering service...
2022-09-13 10:10:36.117 INFO  com.netflix.discovery.DiscoveryClient             :882  [32m        [0;39m DiscoveryClient_GATEWAY/localhost:gateway:9000 - registration status: 204
2022-09-13 10:10:38.198 INFO  com.netflix.discovery.DiscoveryClient             :935  [32m        [0;39m Shutting down DiscoveryClient ...
2022-09-13 10:10:41.203 WARN  com.netflix.discovery.TimedSupervisorTask         :90   [32m        [0;39m task supervisor shutting down, can't accept the task
2022-09-13 10:10:41.204 INFO  com.netflix.discovery.DiscoveryClient             :971  [32m        [0;39m Unregistering ...
2022-09-13 10:10:41.210 INFO  com.netflix.discovery.DiscoveryClient             :973  [32m        [0;39m DiscoveryClient_GATEWAY/localhost:gateway:9000 - deregister  status: 200
2022-09-13 10:10:41.216 INFO  com.netflix.discovery.DiscoveryClient             :960  [32m        [0;39m Completed shut down of DiscoveryClient
2022-09-13 10:12:23.835 INFO  org.hibernate.validator.internal.util.Version     :21   [32m        [0;39m HV000001: Hibernate Validator 6.2.4.Final
2022-09-13 10:12:23.837 INFO  com.coursehub.gateway.GatewayApplication          :55   [32m        [0;39m Starting GatewayApplication using Java 1.8.0_342 on MacBook-Pro.local with PID 35191 (/Users/minix/Documents/Course_content/imooc/course-hub/gateway/target/classes started by minix in /Users/minix/Documents/Course_content/imooc/course-hub)
2022-09-13 10:12:23.838 INFO  com.coursehub.gateway.GatewayApplication          :634  [32m        [0;39m No active profile set, falling back to 1 default profile: "default"
2022-09-13 10:12:24.408 INFO  o.springframework.cloud.context.scope.GenericScope:283  [32m        [0;39m BeanFactory id=0fab58d5-b1b2-3bff-a14d-305fae731f0b
2022-09-13 10:12:24.451 INFO  o.s.c.s.PostProcessorRegistrationDelegate$BeanPostProcessorChecker:376  [32m        [0;39m Bean 'org.springframework.cloud.client.loadbalancer.reactive.LoadBalancerBeanPostProcessorAutoConfiguration' of type [org.springframework.cloud.client.loadbalancer.reactive.LoadBalancerBeanPostProcessorAutoConfiguration] is not eligible for getting processed by all BeanPostProcessors (for example: not eligible for auto-proxying)
2022-09-13 10:12:24.452 INFO  o.s.c.s.PostProcessorRegistrationDelegate$BeanPostProcessorChecker:376  [32m        [0;39m Bean 'org.springframework.cloud.client.loadbalancer.reactive.LoadBalancerBeanPostProcessorAutoConfiguration$ReactorDeferringLoadBalancerFilterConfig' of type [org.springframework.cloud.client.loadbalancer.reactive.LoadBalancerBeanPostProcessorAutoConfiguration$ReactorDeferringLoadBalancerFilterConfig] is not eligible for getting processed by all BeanPostProcessors (for example: not eligible for auto-proxying)
2022-09-13 10:12:24.453 INFO  o.s.c.s.PostProcessorRegistrationDelegate$BeanPostProcessorChecker:376  [32m        [0;39m Bean 'reactorDeferringLoadBalancerExchangeFilterFunction' of type [org.springframework.cloud.client.loadbalancer.reactive.DeferringLoadBalancerExchangeFilterFunction] is not eligible for getting processed by all BeanPostProcessors (for example: not eligible for auto-proxying)
2022-09-13 10:12:25.652 INFO  org.springframework.cloud.commons.util.InetUtils  :170  [32m        [0;39m Cannot determine local hostname
2022-09-13 10:12:25.904 INFO  o.s.c.gateway.route.RouteDefinitionRouteLocator   :88   [32m        [0;39m Loaded RoutePredicateFactory [After]
2022-09-13 10:12:25.904 INFO  o.s.c.gateway.route.RouteDefinitionRouteLocator   :88   [32m        [0;39m Loaded RoutePredicateFactory [Before]
2022-09-13 10:12:25.904 INFO  o.s.c.gateway.route.RouteDefinitionRouteLocator   :88   [32m        [0;39m Loaded RoutePredicateFactory [Between]
2022-09-13 10:12:25.904 INFO  o.s.c.gateway.route.RouteDefinitionRouteLocator   :88   [32m        [0;39m Loaded RoutePredicateFactory [Cookie]
2022-09-13 10:12:25.905 INFO  o.s.c.gateway.route.RouteDefinitionRouteLocator   :88   [32m        [0;39m Loaded RoutePredicateFactory [Header]
2022-09-13 10:12:25.905 INFO  o.s.c.gateway.route.RouteDefinitionRouteLocator   :88   [32m        [0;39m Loaded RoutePredicateFactory [Host]
2022-09-13 10:12:25.905 INFO  o.s.c.gateway.route.RouteDefinitionRouteLocator   :88   [32m        [0;39m Loaded RoutePredicateFactory [Method]
2022-09-13 10:12:25.905 INFO  o.s.c.gateway.route.RouteDefinitionRouteLocator   :88   [32m        [0;39m Loaded RoutePredicateFactory [Path]
2022-09-13 10:12:25.905 INFO  o.s.c.gateway.route.RouteDefinitionRouteLocator   :88   [32m        [0;39m Loaded RoutePredicateFactory [Query]
2022-09-13 10:12:25.905 INFO  o.s.c.gateway.route.RouteDefinitionRouteLocator   :88   [32m        [0;39m Loaded RoutePredicateFactory [ReadBody]
2022-09-13 10:12:25.905 INFO  o.s.c.gateway.route.RouteDefinitionRouteLocator   :88   [32m        [0;39m Loaded RoutePredicateFactory [RemoteAddr]
2022-09-13 10:12:25.906 INFO  o.s.c.gateway.route.RouteDefinitionRouteLocator   :88   [32m        [0;39m Loaded RoutePredicateFactory [XForwardedRemoteAddr]
2022-09-13 10:12:25.906 INFO  o.s.c.gateway.route.RouteDefinitionRouteLocator   :88   [32m        [0;39m Loaded RoutePredicateFactory [Weight]
2022-09-13 10:12:25.906 INFO  o.s.c.gateway.route.RouteDefinitionRouteLocator   :88   [32m        [0;39m Loaded RoutePredicateFactory [CloudFoundryRouteService]
2022-09-13 10:12:26.072 INFO  o.s.c.n.e.c.DiscoveryClientOptionalArgsConfiguration:68   [32m        [0;39m Eureka HTTP Client uses RestTemplate.
2022-09-13 10:12:27.105 INFO  org.springframework.cloud.commons.util.InetUtils  :170  [32m        [0;39m Cannot determine local hostname
2022-09-13 10:12:28.120 INFO  org.springframework.cloud.commons.util.InetUtils  :170  [32m        [0;39m Cannot determine local hostname
2022-09-13 10:12:28.152 WARN  o.s.c.l.c.LoadBalancerCacheAutoConfiguration$LoadBalancerCaffeineWarnLogger:82   [32m        [0;39m Spring Cloud LoadBalancer is currently working with the default cache. While this cache implementation is useful for development and tests, it's recommended to use Caffeine cache in production.You can switch to using Caffeine cache, by adding it and org.springframework.cache.caffeine.CaffeineCacheManager to the classpath.
2022-09-13 10:12:28.201 INFO  o.s.cloud.netflix.eureka.InstanceInfoFactory      :67   [32m        [0;39m Setting initial instance status as: STARTING
2022-09-13 10:12:28.223 INFO  com.netflix.discovery.DiscoveryClient             :372  [32m        [0;39m Initializing Eureka in region us-east-1
2022-09-13 10:12:28.226 INFO  c.n.d.shared.resolver.aws.ConfigClusterResolver   :43   [32m        [0;39m Resolving eureka endpoints via configuration
2022-09-13 10:12:28.239 INFO  com.netflix.discovery.DiscoveryClient             :1007 [32m        [0;39m Disable delta property : false
2022-09-13 10:12:28.240 INFO  com.netflix.discovery.DiscoveryClient             :1008 [32m        [0;39m Single vip registry refresh property : null
2022-09-13 10:12:28.240 INFO  com.netflix.discovery.DiscoveryClient             :1009 [32m        [0;39m Force full registry fetch : false
2022-09-13 10:12:28.240 INFO  com.netflix.discovery.DiscoveryClient             :1010 [32m        [0;39m Application is null : false
2022-09-13 10:12:28.240 INFO  com.netflix.discovery.DiscoveryClient             :1011 [32m        [0;39m Registered Applications size is zero : true
2022-09-13 10:12:28.240 INFO  com.netflix.discovery.DiscoveryClient             :1013 [32m        [0;39m Application version is -1: true
2022-09-13 10:12:28.241 INFO  com.netflix.discovery.DiscoveryClient             :1097 [32m        [0;39m Getting all instance registry info from the eureka server
2022-09-13 10:12:28.485 INFO  com.netflix.discovery.DiscoveryClient             :1106 [32m        [0;39m The response status is 200
2022-09-13 10:12:28.487 INFO  com.netflix.discovery.DiscoveryClient             :1321 [32m        [0;39m Starting heartbeat executor: renew interval is: 30
2022-09-13 10:12:28.489 INFO  com.netflix.discovery.InstanceInfoReplicator      :60   [32m        [0;39m InstanceInfoReplicator onDemand update allowed rate per min is 4
2022-09-13 10:12:28.492 INFO  com.netflix.discovery.DiscoveryClient             :492  [32m        [0;39m Discovery Client initialized at timestamp 1663089148491 with initial instances count: 0
2022-09-13 10:12:28.493 INFO  o.s.c.n.e.serviceregistry.EurekaServiceRegistry   :41   [32m        [0;39m Registering application GATEWAY with eureka with status UP
2022-09-13 10:12:28.493 INFO  com.netflix.discovery.DiscoveryClient             :1352 [32m        [0;39m Saw local status change event StatusChangeEvent [timestamp=1663089148493, current=UP, previous=STARTING]
2022-09-13 10:12:28.495 INFO  com.netflix.discovery.DiscoveryClient             :873  [32m        [0;39m DiscoveryClient_GATEWAY/localhost:gateway:9000: registering service...
2022-09-13 10:12:28.525 INFO  com.netflix.discovery.DiscoveryClient             :882  [32m        [0;39m DiscoveryClient_GATEWAY/localhost:gateway:9000 - registration status: 204
2022-09-13 10:12:28.608 INFO  o.s.boot.web.embedded.netty.NettyWebServer        :111  [32m        [0;39m Netty started on port 9000
2022-09-13 10:12:28.609 INFO  o.s.c.n.e.s.EurekaAutoServiceRegistration         :144  [32m        [0;39m Updating port to 9000
2022-09-13 10:12:29.615 INFO  org.springframework.cloud.commons.util.InetUtils  :170  [32m        [0;39m Cannot determine local hostname
2022-09-13 10:12:30.621 INFO  org.springframework.cloud.commons.util.InetUtils  :170  [32m        [0;39m Cannot determine local hostname
2022-09-13 10:12:30.638 INFO  com.coursehub.gateway.GatewayApplication          :61   [32m        [0;39m Started GatewayApplication in 8.117 seconds (JVM running for 8.638)
2022-09-13 10:12:30.640 INFO  com.coursehub.gateway.GatewayApplication          :22   [32m        [0;39m Successfully started!!
2022-09-13 10:12:30.641 INFO  com.coursehub.gateway.GatewayApplication          :23   [32m        [0;39m Gateway address: 	http://127.0.0.1:9000
2022-09-13 10:12:58.492 INFO  com.netflix.discovery.DiscoveryClient             :1007 [32m        [0;39m Disable delta property : false
2022-09-13 10:12:58.493 INFO  com.netflix.discovery.DiscoveryClient             :1008 [32m        [0;39m Single vip registry refresh property : null
2022-09-13 10:12:58.493 INFO  com.netflix.discovery.DiscoveryClient             :1009 [32m        [0;39m Force full registry fetch : false
2022-09-13 10:12:58.493 INFO  com.netflix.discovery.DiscoveryClient             :1010 [32m        [0;39m Application is null : false
2022-09-13 10:12:58.493 INFO  com.netflix.discovery.DiscoveryClient             :1011 [32m        [0;39m Registered Applications size is zero : true
2022-09-13 10:12:58.494 INFO  com.netflix.discovery.DiscoveryClient             :1013 [32m        [0;39m Application version is -1: false
2022-09-13 10:12:58.494 INFO  com.netflix.discovery.DiscoveryClient             :1097 [32m        [0;39m Getting all instance registry info from the eureka server
2022-09-13 10:12:58.503 INFO  com.netflix.discovery.DiscoveryClient             :1106 [32m        [0;39m The response status is 200
2022-09-13 10:17:28.244 INFO  c.n.d.shared.resolver.aws.ConfigClusterResolver   :43   [32m        [0;39m Resolving eureka endpoints via configuration
2022-09-13 10:41:08.859 INFO  c.n.d.shared.resolver.aws.ConfigClusterResolver   :43   [32m        [0;39m Resolving eureka endpoints via configuration
2022-09-13 10:54:18.053 INFO  c.n.d.shared.resolver.aws.ConfigClusterResolver   :43   [32m        [0;39m Resolving eureka endpoints via configuration
2022-09-13 11:01:41.745 INFO  c.n.d.shared.resolver.aws.ConfigClusterResolver   :43   [32m        [0;39m Resolving eureka endpoints via configuration
2022-09-13 11:08:19.181 INFO  c.n.d.shared.resolver.aws.ConfigClusterResolver   :43   [32m        [0;39m Resolving eureka endpoints via configuration
2022-09-13 11:35:34.504 INFO  c.n.d.shared.resolver.aws.ConfigClusterResolver   :43   [32m        [0;39m Resolving eureka endpoints via configuration
2022-09-13 11:52:02.785 INFO  c.n.d.shared.resolver.aws.ConfigClusterResolver   :43   [32m        [0;39m Resolving eureka endpoints via configuration
2022-09-13 12:14:00.635 INFO  c.n.d.shared.resolver.aws.ConfigClusterResolver   :43   [32m        [0;39m Resolving eureka endpoints via configuration
2022-09-13 12:19:00.636 INFO  c.n.d.shared.resolver.aws.ConfigClusterResolver   :43   [32m        [0;39m Resolving eureka endpoints via configuration
2022-09-13 12:59:16.927 INFO  c.n.d.shared.resolver.aws.ConfigClusterResolver   :43   [32m        [0;39m Resolving eureka endpoints via configuration
2022-09-13 13:04:16.932 INFO  c.n.d.shared.resolver.aws.ConfigClusterResolver   :43   [32m        [0;39m Resolving eureka endpoints via configuration
2022-09-13 13:09:16.935 INFO  c.n.d.shared.resolver.aws.ConfigClusterResolver   :43   [32m        [0;39m Resolving eureka endpoints via configuration
2022-09-13 13:14:16.936 INFO  c.n.d.shared.resolver.aws.ConfigClusterResolver   :43   [32m        [0;39m Resolving eureka endpoints via configuration
2022-09-13 13:19:16.937 INFO  c.n.d.shared.resolver.aws.ConfigClusterResolver   :43   [32m        [0;39m Resolving eureka endpoints via configuration
2022-09-13 13:24:16.942 INFO  c.n.d.shared.resolver.aws.ConfigClusterResolver   :43   [32m        [0;39m Resolving eureka endpoints via configuration
2022-09-13 13:29:16.945 INFO  c.n.d.shared.resolver.aws.ConfigClusterResolver   :43   [32m        [0;39m Resolving eureka endpoints via configuration
2022-09-13 13:34:16.921 INFO  c.n.d.shared.resolver.aws.ConfigClusterResolver   :43   [32m        [0;39m Resolving eureka endpoints via configuration
2022-09-13 13:39:16.924 INFO  c.n.d.shared.resolver.aws.ConfigClusterResolver   :43   [32m        [0;39m Resolving eureka endpoints via configuration
2022-09-13 13:44:16.927 INFO  c.n.d.shared.resolver.aws.ConfigClusterResolver   :43   [32m        [0;39m Resolving eureka endpoints via configuration
2022-09-13 13:49:16.926 INFO  c.n.d.shared.resolver.aws.ConfigClusterResolver   :43   [32m        [0;39m Resolving eureka endpoints via configuration
2022-09-13 13:54:16.925 INFO  c.n.d.shared.resolver.aws.ConfigClusterResolver   :43   [32m        [0;39m Resolving eureka endpoints via configuration
2022-09-13 13:59:16.928 INFO  c.n.d.shared.resolver.aws.ConfigClusterResolver   :43   [32m        [0;39m Resolving eureka endpoints via configuration
2022-09-13 14:04:16.931 INFO  c.n.d.shared.resolver.aws.ConfigClusterResolver   :43   [32m        [0;39m Resolving eureka endpoints via configuration
2022-09-13 14:09:16.931 INFO  c.n.d.shared.resolver.aws.ConfigClusterResolver   :43   [32m        [0;39m Resolving eureka endpoints via configuration
2022-09-13 14:14:16.938 INFO  c.n.d.shared.resolver.aws.ConfigClusterResolver   :43   [32m        [0;39m Resolving eureka endpoints via configuration
2022-09-13 14:19:16.978 INFO  c.n.d.shared.resolver.aws.ConfigClusterResolver   :43   [32m        [0;39m Resolving eureka endpoints via configuration
2022-09-13 14:24:16.986 INFO  c.n.d.shared.resolver.aws.ConfigClusterResolver   :43   [32m        [0;39m Resolving eureka endpoints via configuration
2022-09-13 14:29:16.993 INFO  c.n.d.shared.resolver.aws.ConfigClusterResolver   :43   [32m        [0;39m Resolving eureka endpoints via configuration
2022-09-13 14:34:17.000 INFO  c.n.d.shared.resolver.aws.ConfigClusterResolver   :43   [32m        [0;39m Resolving eureka endpoints via configuration
2022-09-13 14:39:17.000 INFO  c.n.d.shared.resolver.aws.ConfigClusterResolver   :43   [32m        [0;39m Resolving eureka endpoints via configuration
2022-09-13 14:44:17.006 INFO  c.n.d.shared.resolver.aws.ConfigClusterResolver   :43   [32m        [0;39m Resolving eureka endpoints via configuration
2022-09-13 14:49:17.011 INFO  c.n.d.shared.resolver.aws.ConfigClusterResolver   :43   [32m        [0;39m Resolving eureka endpoints via configuration
2022-09-13 14:54:17.032 INFO  c.n.d.shared.resolver.aws.ConfigClusterResolver   :43   [32m        [0;39m Resolving eureka endpoints via configuration
2022-09-13 14:59:17.038 INFO  c.n.d.shared.resolver.aws.ConfigClusterResolver   :43   [32m        [0;39m Resolving eureka endpoints via configuration
2022-09-13 15:04:17.046 INFO  c.n.d.shared.resolver.aws.ConfigClusterResolver   :43   [32m        [0;39m Resolving eureka endpoints via configuration
2022-09-13 15:09:17.055 INFO  c.n.d.shared.resolver.aws.ConfigClusterResolver   :43   [32m        [0;39m Resolving eureka endpoints via configuration
2022-09-13 15:14:17.101 INFO  c.n.d.shared.resolver.aws.ConfigClusterResolver   :43   [32m        [0;39m Resolving eureka endpoints via configuration
2022-09-13 15:19:17.111 INFO  c.n.d.shared.resolver.aws.ConfigClusterResolver   :43   [32m        [0;39m Resolving eureka endpoints via configuration
2022-09-13 15:24:17.122 INFO  c.n.d.shared.resolver.aws.ConfigClusterResolver   :43   [32m        [0;39m Resolving eureka endpoints via configuration
2022-09-13 15:29:17.121 INFO  c.n.d.shared.resolver.aws.ConfigClusterResolver   :43   [32m        [0;39m Resolving eureka endpoints via configuration
2022-09-13 15:34:17.133 INFO  c.n.d.shared.resolver.aws.ConfigClusterResolver   :43   [32m        [0;39m Resolving eureka endpoints via configuration
2022-09-13 15:39:17.143 INFO  c.n.d.shared.resolver.aws.ConfigClusterResolver   :43   [32m        [0;39m Resolving eureka endpoints via configuration
2022-09-13 15:40:00.386 INFO  o.s.c.n.e.serviceregistry.EurekaServiceRegistry   :62   [32m        [0;39m Unregistering application GATEWAY with eureka with status DOWN
2022-09-13 15:40:00.386 INFO  com.netflix.discovery.DiscoveryClient             :1352 [32m        [0;39m Saw local status change event StatusChangeEvent [timestamp=1663108800386, current=DOWN, previous=UP]
2022-09-13 15:40:00.387 INFO  com.netflix.discovery.DiscoveryClient             :873  [32m        [0;39m DiscoveryClient_GATEWAY/localhost:gateway:9000: registering service...
2022-09-13 15:40:00.396 INFO  com.netflix.discovery.DiscoveryClient             :882  [32m        [0;39m DiscoveryClient_GATEWAY/localhost:gateway:9000 - registration status: 204
2022-09-13 15:40:02.480 INFO  com.netflix.discovery.DiscoveryClient             :935  [32m        [0;39m Shutting down DiscoveryClient ...
2022-09-13 15:40:05.487 INFO  com.netflix.discovery.DiscoveryClient             :971  [32m        [0;39m Unregistering ...
2022-09-13 15:40:05.491 INFO  com.netflix.discovery.DiscoveryClient             :973  [32m        [0;39m DiscoveryClient_GATEWAY/localhost:gateway:9000 - deregister  status: 200
2022-09-13 15:40:05.496 INFO  com.netflix.discovery.DiscoveryClient             :960  [32m        [0;39m Completed shut down of DiscoveryClient
