2022-09-20 17:29:29.878 INFO  com.coursehub.EurekaApplication                   :55   [32m        [0;39m Starting EurekaApplication using Java 1.8.0_342 on MacBook-Pro.local with PID 58836 (/Users/minix/Documents/Course_content/imooc/course-hub/eureka/target/classes started by minix in /Users/minix/Documents/Course_content/imooc/course-hub)
2022-09-20 17:29:29.881 INFO  com.coursehub.EurekaApplication                   :634  [32m        [0;39m No active profile set, falling back to 1 default profile: "default"
2022-09-20 17:29:30.605 INFO  o.springframework.cloud.context.scope.GenericScope:283  [32m        [0;39m BeanFactory id=c82d24a3-7f9f-3dfc-abd3-ea80cf089094
2022-09-20 17:29:30.792 INFO  o.s.boot.web.embedded.tomcat.TomcatWebServer      :108  [32m        [0;39m Tomcat initialized with port(s): 8761 (http)
2022-09-20 17:29:30.797 INFO  org.apache.coyote.http11.Http11NioProtocol        :173  [32m        [0;39m Initializing ProtocolHandler ["http-nio-8761"]
2022-09-20 17:29:30.798 INFO  org.apache.catalina.core.StandardService          :173  [32m        [0;39m Starting service [Tomcat]
2022-09-20 17:29:30.798 INFO  org.apache.catalina.core.StandardEngine           :173  [32m        [0;39m Starting Servlet engine: [Apache Tomcat/9.0.65]
2022-09-20 17:29:30.877 INFO  o.a.c.core.ContainerBase.[Tomcat].[localhost].[/] :173  [32m        [0;39m Initializing Spring embedded WebApplicationContext
2022-09-20 17:29:30.878 INFO  o.s.b.w.s.c.ServletWebServerApplicationContext    :292  [32m        [0;39m Root WebApplicationContext: initialization completed in 964 ms
2022-09-20 17:29:31.181 INFO  c.s.j.server.impl.application.WebApplicationImpl  :815  [32m        [0;39m Initiating Jersey application, version 'Jersey: 1.19.4 05/24/2017 03:20 PM'
2022-09-20 17:29:31.232 INFO  c.n.discovery.provider.DiscoveryJerseyProvider    :70   [32m        [0;39m Using JSON encoding codec LegacyJacksonJson
2022-09-20 17:29:31.233 INFO  c.n.discovery.provider.DiscoveryJerseyProvider    :71   [32m        [0;39m Using JSON decoding codec LegacyJacksonJson
2022-09-20 17:29:31.383 INFO  c.n.discovery.provider.DiscoveryJerseyProvider    :80   [32m        [0;39m Using XML encoding codec XStreamXml
2022-09-20 17:29:31.384 INFO  c.n.discovery.provider.DiscoveryJerseyProvider    :81   [32m        [0;39m Using XML decoding codec XStreamXml
2022-09-20 17:29:32.813 INFO  org.springframework.cloud.commons.util.InetUtils  :170  [32m        [0;39m Cannot determine local hostname
2022-09-20 17:29:34.041 INFO  org.springframework.cloud.commons.util.InetUtils  :170  [32m        [0;39m Cannot determine local hostname
2022-09-20 17:29:34.048 INFO  o.s.c.n.e.c.DiscoveryClientOptionalArgsConfiguration:87   [32m        [0;39m Eureka HTTP Client uses Jersey
2022-09-20 17:29:34.094 WARN  o.s.c.l.c.LoadBalancerCacheAutoConfiguration$LoadBalancerCaffeineWarnLogger:82   [32m        [0;39m Spring Cloud LoadBalancer is currently working with the default cache. While this cache implementation is useful for development and tests, it's recommended to use Caffeine cache in production.You can switch to using Caffeine cache, by adding it and org.springframework.cache.caffeine.CaffeineCacheManager to the classpath.
2022-09-20 17:29:34.107 INFO  o.s.cloud.netflix.eureka.InstanceInfoFactory      :67   [32m        [0;39m Setting initial instance status as: STARTING
2022-09-20 17:29:34.138 INFO  com.netflix.discovery.DiscoveryClient             :372  [32m        [0;39m Initializing Eureka in region us-east-1
2022-09-20 17:29:34.138 INFO  com.netflix.discovery.DiscoveryClient             :375  [32m        [0;39m Client configured to neither register nor query for data.
2022-09-20 17:29:34.145 INFO  com.netflix.discovery.DiscoveryClient             :390  [32m        [0;39m Discovery Client initialized at timestamp 1663720174144 with initial instances count: 0
2022-09-20 17:29:34.172 INFO  com.netflix.eureka.DefaultEurekaServerContext     :66   [32m        [0;39m Initializing ...
2022-09-20 17:29:34.173 WARN  com.netflix.eureka.cluster.PeerEurekaNodes        :155  [32m        [0;39m The replica size seems to be empty. Check the route 53 DNS Registry
2022-09-20 17:29:34.186 INFO  c.netflix.eureka.registry.AbstractInstanceRegistry:153  [32m        [0;39m Finished initializing remote region registries. All known remote regions: []
2022-09-20 17:29:34.187 INFO  com.netflix.eureka.DefaultEurekaServerContext     :73   [32m        [0;39m Initialized
2022-09-20 17:29:34.193 INFO  o.s.b.actuate.endpoint.web.EndpointLinksResolver  :58   [32m        [0;39m Exposing 1 endpoint(s) beneath base path '/actuator'
2022-09-20 17:29:34.244 INFO  o.s.c.n.e.serviceregistry.EurekaServiceRegistry   :41   [32m        [0;39m Registering application EUREKA with eureka with status UP
2022-09-20 17:29:34.246 INFO  org.apache.coyote.http11.Http11NioProtocol        :173  [32m        [0;39m Starting ProtocolHandler ["http-nio-8761"]
2022-09-20 17:29:34.256 INFO  o.s.c.netflix.eureka.server.EurekaServerBootstrap :143  [32m        [0;39m isAws returned false
2022-09-20 17:29:34.256 INFO  o.s.c.netflix.eureka.server.EurekaServerBootstrap :109  [32m        [0;39m Initialized server context
2022-09-20 17:29:34.256 INFO  c.n.eureka.registry.PeerAwareInstanceRegistryImpl :244  [32m        [0;39m Got 1 instances from neighboring DS node
2022-09-20 17:29:34.256 INFO  c.n.eureka.registry.PeerAwareInstanceRegistryImpl :245  [32m        [0;39m Renew threshold is: 1
2022-09-20 17:29:34.257 INFO  c.n.eureka.registry.PeerAwareInstanceRegistryImpl :256  [32m        [0;39m Changing status to UP
2022-09-20 17:29:34.264 INFO  o.s.boot.web.embedded.tomcat.TomcatWebServer      :220  [32m        [0;39m Tomcat started on port(s): 8761 (http) with context path ''
2022-09-20 17:29:34.264 INFO  o.s.c.n.e.s.EurekaAutoServiceRegistration         :144  [32m        [0;39m Updating port to 8761
2022-09-20 17:29:34.265 INFO  o.s.c.n.e.s.EurekaServerInitializerConfiguration  :69   [32m        [0;39m Started Eureka Server
2022-09-20 17:29:35.270 INFO  org.springframework.cloud.commons.util.InetUtils  :170  [32m        [0;39m Cannot determine local hostname
2022-09-20 17:29:35.290 INFO  com.coursehub.EurekaApplication                   :61   [32m        [0;39m Started EurekaApplication in 6.724 seconds (JVM running for 7.298)
2022-09-20 17:29:35.297 INFO  com.coursehub.EurekaApplication                   :23   [32m        [0;39m Successfully started!!
2022-09-20 17:29:35.297 INFO  com.coursehub.EurekaApplication                   :24   [32m        [0;39m Eureka address: 	http://127.0.0.1:8761
2022-09-20 17:29:35.810 INFO  o.a.c.core.ContainerBase.[Tomcat].[localhost].[/] :173  [32m        [0;39m Initializing Spring DispatcherServlet 'dispatcherServlet'
2022-09-20 17:29:35.810 INFO  org.springframework.web.servlet.DispatcherServlet :525  [32m        [0;39m Initializing Servlet 'dispatcherServlet'
2022-09-20 17:29:35.812 INFO  org.springframework.web.servlet.DispatcherServlet :547  [32m        [0;39m Completed initialization in 2 ms
2022-09-20 17:29:46.991 INFO  c.netflix.eureka.registry.AbstractInstanceRegistry:266  [32m        [0;39m Registered instance BUSINESS/localhost:business:9002 with status UP (replication=false)
2022-09-20 17:30:34.263 INFO  c.netflix.eureka.registry.AbstractInstanceRegistry:1247 [32m        [0;39m Running the evict task with compensationTime 0ms
2022-09-20 17:31:34.264 INFO  c.netflix.eureka.registry.AbstractInstanceRegistry:1247 [32m        [0;39m Running the evict task with compensationTime 21ms
2022-09-20 17:32:30.198 INFO  c.netflix.eureka.registry.AbstractInstanceRegistry:266  [32m        [0;39m Registered instance BUSINESS/localhost:business:9002 with status DOWN (replication=false)
2022-09-20 17:32:33.228 INFO  c.netflix.eureka.registry.AbstractInstanceRegistry:328  [32m        [0;39m Cancelled instance BUSINESS/localhost:business:9002 (replication=false)
2022-09-20 17:32:34.264 INFO  c.netflix.eureka.registry.AbstractInstanceRegistry:1247 [32m        [0;39m Running the evict task with compensationTime 4ms
2022-09-20 17:32:37.036 INFO  c.netflix.eureka.registry.AbstractInstanceRegistry:266  [32m        [0;39m Registered instance BUSINESS/localhost:business:9002 with status UP (replication=false)
2022-09-20 17:32:43.399 INFO  c.netflix.eureka.registry.AbstractInstanceRegistry:266  [32m        [0;39m Registered instance BUSINESS/localhost:business:9002 with status DOWN (replication=false)
2022-09-20 17:32:46.413 INFO  c.netflix.eureka.registry.AbstractInstanceRegistry:328  [32m        [0;39m Cancelled instance BUSINESS/localhost:business:9002 (replication=false)
2022-09-20 17:32:49.997 INFO  c.netflix.eureka.registry.AbstractInstanceRegistry:266  [32m        [0;39m Registered instance BUSINESS/localhost:business:9002 with status UP (replication=false)
2022-09-20 17:33:19.563 INFO  c.netflix.eureka.registry.AbstractInstanceRegistry:266  [32m        [0;39m Registered instance BUSINESS/localhost:business:9002 with status DOWN (replication=false)
2022-09-20 17:33:22.579 INFO  c.netflix.eureka.registry.AbstractInstanceRegistry:328  [32m        [0;39m Cancelled instance BUSINESS/localhost:business:9002 (replication=false)
2022-09-20 17:33:26.124 INFO  c.netflix.eureka.registry.AbstractInstanceRegistry:266  [32m        [0;39m Registered instance BUSINESS/localhost:business:9002 with status UP (replication=false)
2022-09-20 17:33:34.264 INFO  c.netflix.eureka.registry.AbstractInstanceRegistry:1247 [32m        [0;39m Running the evict task with compensationTime 0ms
2022-09-20 17:34:34.267 INFO  c.netflix.eureka.registry.AbstractInstanceRegistry:1247 [32m        [0;39m Running the evict task with compensationTime 3ms
2022-09-20 17:35:24.438 INFO  c.netflix.eureka.registry.AbstractInstanceRegistry:266  [32m        [0;39m Registered instance BUSINESS/localhost:business:9002 with status DOWN (replication=false)
2022-09-20 17:35:27.454 INFO  c.netflix.eureka.registry.AbstractInstanceRegistry:328  [32m        [0;39m Cancelled instance BUSINESS/localhost:business:9002 (replication=false)
2022-09-20 17:35:31.023 INFO  c.netflix.eureka.registry.AbstractInstanceRegistry:266  [32m        [0;39m Registered instance BUSINESS/localhost:business:9002 with status UP (replication=false)
2022-09-20 17:35:34.268 INFO  c.netflix.eureka.registry.AbstractInstanceRegistry:1247 [32m        [0;39m Running the evict task with compensationTime 0ms
2022-09-20 17:36:34.273 INFO  c.netflix.eureka.registry.AbstractInstanceRegistry:1247 [32m        [0;39m Running the evict task with compensationTime 4ms
2022-09-20 17:37:34.275 INFO  c.netflix.eureka.registry.AbstractInstanceRegistry:1247 [32m        [0;39m Running the evict task with compensationTime 3ms
2022-09-20 17:38:34.277 INFO  c.netflix.eureka.registry.AbstractInstanceRegistry:1247 [32m        [0;39m Running the evict task with compensationTime 2ms
2022-09-20 17:39:34.149 WARN  com.netflix.eureka.cluster.PeerEurekaNodes        :155  [32m        [0;39m The replica size seems to be empty. Check the route 53 DNS Registry
2022-09-20 17:39:34.280 INFO  c.netflix.eureka.registry.AbstractInstanceRegistry:1247 [32m        [0;39m Running the evict task with compensationTime 3ms
2022-09-20 17:40:34.282 INFO  c.netflix.eureka.registry.AbstractInstanceRegistry:1247 [32m        [0;39m Running the evict task with compensationTime 2ms
2022-09-20 17:41:34.282 INFO  c.netflix.eureka.registry.AbstractInstanceRegistry:1247 [32m        [0;39m Running the evict task with compensationTime 0ms
2022-09-20 17:42:34.291 INFO  c.netflix.eureka.registry.AbstractInstanceRegistry:1247 [32m        [0;39m Running the evict task with compensationTime 9ms
2022-09-20 17:43:34.295 INFO  c.netflix.eureka.registry.AbstractInstanceRegistry:1247 [32m        [0;39m Running the evict task with compensationTime 3ms
2022-09-20 17:44:34.188 INFO  c.n.eureka.registry.PeerAwareInstanceRegistryImpl :552  [32m        [0;39m Current renewal threshold is : 3
2022-09-20 17:44:34.303 INFO  c.netflix.eureka.registry.AbstractInstanceRegistry:1247 [32m        [0;39m Running the evict task with compensationTime 8ms
2022-09-20 17:45:34.312 INFO  c.netflix.eureka.registry.AbstractInstanceRegistry:1247 [32m        [0;39m Running the evict task with compensationTime 9ms
2022-09-20 17:46:34.314 INFO  c.netflix.eureka.registry.AbstractInstanceRegistry:1247 [32m        [0;39m Running the evict task with compensationTime 2ms
2022-09-20 17:50:12.990 INFO  c.netflix.eureka.registry.AbstractInstanceRegistry:1247 [32m        [0;39m Running the evict task with compensationTime 5ms
2022-09-20 17:51:22.706 INFO  c.netflix.eureka.registry.AbstractInstanceRegistry:1247 [32m        [0;39m Running the evict task with compensationTime 5ms
2022-09-20 17:52:22.533 WARN  com.netflix.eureka.cluster.PeerEurekaNodes        :155  [32m        [0;39m The replica size seems to be empty. Check the route 53 DNS Registry
2022-09-20 17:52:22.711 INFO  c.netflix.eureka.registry.AbstractInstanceRegistry:1247 [32m        [0;39m Running the evict task with compensationTime 3ms
2022-09-20 17:53:22.716 INFO  c.netflix.eureka.registry.AbstractInstanceRegistry:1247 [32m        [0;39m Running the evict task with compensationTime 3ms
2022-09-20 17:54:22.724 INFO  c.netflix.eureka.registry.AbstractInstanceRegistry:1247 [32m        [0;39m Running the evict task with compensationTime 6ms
2022-09-20 17:55:22.729 INFO  c.netflix.eureka.registry.AbstractInstanceRegistry:1247 [32m        [0;39m Running the evict task with compensationTime 3ms
2022-09-20 17:56:22.736 INFO  c.netflix.eureka.registry.AbstractInstanceRegistry:1247 [32m        [0;39m Running the evict task with compensationTime 6ms
2022-09-20 17:57:22.746 INFO  c.netflix.eureka.registry.AbstractInstanceRegistry:1247 [32m        [0;39m Running the evict task with compensationTime 8ms
2022-09-20 17:58:22.753 INFO  c.netflix.eureka.registry.AbstractInstanceRegistry:1247 [32m        [0;39m Running the evict task with compensationTime 5ms
2022-09-20 17:59:22.763 INFO  c.netflix.eureka.registry.AbstractInstanceRegistry:1247 [32m        [0;39m Running the evict task with compensationTime 8ms
2022-09-20 18:00:22.771 INFO  c.netflix.eureka.registry.AbstractInstanceRegistry:1247 [32m        [0;39m Running the evict task with compensationTime 6ms
2022-09-20 18:01:22.773 INFO  c.netflix.eureka.registry.AbstractInstanceRegistry:1247 [32m        [0;39m Running the evict task with compensationTime 0ms
2022-09-20 18:02:22.551 WARN  com.netflix.eureka.cluster.PeerEurekaNodes        :155  [32m        [0;39m The replica size seems to be empty. Check the route 53 DNS Registry
2022-09-20 18:02:22.583 INFO  c.n.eureka.registry.PeerAwareInstanceRegistryImpl :552  [32m        [0;39m Current renewal threshold is : 3
2022-09-20 18:02:22.782 INFO  c.netflix.eureka.registry.AbstractInstanceRegistry:1247 [32m        [0;39m Running the evict task with compensationTime 8ms
2022-09-20 18:03:22.788 INFO  c.netflix.eureka.registry.AbstractInstanceRegistry:1247 [32m        [0;39m Running the evict task with compensationTime 4ms
2022-09-20 18:04:22.792 INFO  c.netflix.eureka.registry.AbstractInstanceRegistry:1247 [32m        [0;39m Running the evict task with compensationTime 3ms
2022-09-20 18:05:22.794 INFO  c.netflix.eureka.registry.AbstractInstanceRegistry:1247 [32m        [0;39m Running the evict task with compensationTime 0ms
2022-09-20 18:06:22.805 INFO  c.netflix.eureka.registry.AbstractInstanceRegistry:1247 [32m        [0;39m Running the evict task with compensationTime 9ms
2022-09-20 18:07:22.809 INFO  c.netflix.eureka.registry.AbstractInstanceRegistry:1247 [32m        [0;39m Running the evict task with compensationTime 2ms
2022-09-20 18:08:22.815 INFO  c.netflix.eureka.registry.AbstractInstanceRegistry:1247 [32m        [0;39m Running the evict task with compensationTime 4ms
2022-09-20 18:09:22.825 INFO  c.netflix.eureka.registry.AbstractInstanceRegistry:1247 [32m        [0;39m Running the evict task with compensationTime 8ms
2022-09-20 18:10:22.834 INFO  c.netflix.eureka.registry.AbstractInstanceRegistry:1247 [32m        [0;39m Running the evict task with compensationTime 8ms
2022-09-20 18:11:22.836 INFO  c.netflix.eureka.registry.AbstractInstanceRegistry:1247 [32m        [0;39m Running the evict task with compensationTime 0ms
2022-09-20 18:12:22.565 WARN  com.netflix.eureka.cluster.PeerEurekaNodes        :155  [32m        [0;39m The replica size seems to be empty. Check the route 53 DNS Registry
2022-09-20 18:12:22.843 INFO  c.netflix.eureka.registry.AbstractInstanceRegistry:1247 [32m        [0;39m Running the evict task with compensationTime 5ms
2022-09-20 18:13:22.850 INFO  c.netflix.eureka.registry.AbstractInstanceRegistry:1247 [32m        [0;39m Running the evict task with compensationTime 6ms
2022-09-20 18:14:22.851 INFO  c.netflix.eureka.registry.AbstractInstanceRegistry:1247 [32m        [0;39m Running the evict task with compensationTime 0ms
2022-09-20 18:15:22.859 INFO  c.netflix.eureka.registry.AbstractInstanceRegistry:1247 [32m        [0;39m Running the evict task with compensationTime 6ms
2022-09-20 18:16:22.866 INFO  c.netflix.eureka.registry.AbstractInstanceRegistry:1247 [32m        [0;39m Running the evict task with compensationTime 6ms
2022-09-20 18:17:22.609 INFO  c.n.eureka.registry.PeerAwareInstanceRegistryImpl :552  [32m        [0;39m Current renewal threshold is : 3
2022-09-20 18:17:22.875 INFO  c.netflix.eureka.registry.AbstractInstanceRegistry:1247 [32m        [0;39m Running the evict task with compensationTime 7ms
2022-09-20 18:18:22.885 INFO  c.netflix.eureka.registry.AbstractInstanceRegistry:1247 [32m        [0;39m Running the evict task with compensationTime 8ms
2022-09-20 18:19:22.892 INFO  c.netflix.eureka.registry.AbstractInstanceRegistry:1247 [32m        [0;39m Running the evict task with compensationTime 5ms
2022-09-20 18:20:22.897 INFO  c.netflix.eureka.registry.AbstractInstanceRegistry:1247 [32m        [0;39m Running the evict task with compensationTime 3ms
2022-09-20 18:21:22.899 INFO  c.netflix.eureka.registry.AbstractInstanceRegistry:1247 [32m        [0;39m Running the evict task with compensationTime 1ms
2022-09-20 18:22:22.579 WARN  com.netflix.eureka.cluster.PeerEurekaNodes        :155  [32m        [0;39m The replica size seems to be empty. Check the route 53 DNS Registry
2022-09-20 18:22:22.902 INFO  c.netflix.eureka.registry.AbstractInstanceRegistry:1247 [32m        [0;39m Running the evict task with compensationTime 2ms
2022-09-20 18:23:22.904 INFO  c.netflix.eureka.registry.AbstractInstanceRegistry:1247 [32m        [0;39m Running the evict task with compensationTime 0ms
2022-09-20 18:24:22.905 INFO  c.netflix.eureka.registry.AbstractInstanceRegistry:1247 [32m        [0;39m Running the evict task with compensationTime 0ms
2022-09-20 18:25:22.909 INFO  c.netflix.eureka.registry.AbstractInstanceRegistry:1247 [32m        [0;39m Running the evict task with compensationTime 2ms
2022-09-20 18:26:22.911 INFO  c.netflix.eureka.registry.AbstractInstanceRegistry:1247 [32m        [0;39m Running the evict task with compensationTime 1ms
2022-09-20 18:27:22.921 INFO  c.netflix.eureka.registry.AbstractInstanceRegistry:1247 [32m        [0;39m Running the evict task with compensationTime 8ms
2022-09-20 18:28:22.930 INFO  c.netflix.eureka.registry.AbstractInstanceRegistry:1247 [32m        [0;39m Running the evict task with compensationTime 8ms
2022-09-20 18:29:22.932 INFO  c.netflix.eureka.registry.AbstractInstanceRegistry:1247 [32m        [0;39m Running the evict task with compensationTime 0ms
2022-09-20 18:30:22.933 INFO  c.netflix.eureka.registry.AbstractInstanceRegistry:1247 [32m        [0;39m Running the evict task with compensationTime 0ms
2022-09-20 18:31:22.944 INFO  c.netflix.eureka.registry.AbstractInstanceRegistry:1247 [32m        [0;39m Running the evict task with compensationTime 9ms
2022-09-20 18:40:45.704 WARN  com.netflix.eureka.cluster.PeerEurekaNodes        :155  [32m        [0;39m The replica size seems to be empty. Check the route 53 DNS Registry
2022-09-20 18:40:45.738 INFO  c.n.eureka.registry.PeerAwareInstanceRegistryImpl :552  [32m        [0;39m Current renewal threshold is : 3
2022-09-20 18:40:46.054 INFO  c.netflix.eureka.registry.AbstractInstanceRegistry:1247 [32m        [0;39m Running the evict task with compensationTime 5ms
2022-09-20 18:43:49.814 INFO  c.netflix.eureka.registry.AbstractInstanceRegistry:1247 [32m        [0;39m Running the evict task with compensationTime 8ms
2022-09-20 18:44:49.817 INFO  c.netflix.eureka.registry.AbstractInstanceRegistry:1247 [32m        [0;39m Running the evict task with compensationTime 2ms
2022-09-20 18:45:49.819 INFO  c.netflix.eureka.registry.AbstractInstanceRegistry:1247 [32m        [0;39m Running the evict task with compensationTime 0ms
2022-09-20 18:46:49.820 INFO  c.netflix.eureka.registry.AbstractInstanceRegistry:1247 [32m        [0;39m Running the evict task with compensationTime 0ms
2022-09-20 18:47:49.826 INFO  c.netflix.eureka.registry.AbstractInstanceRegistry:1247 [32m        [0;39m Running the evict task with compensationTime 5ms
2022-09-20 18:48:49.830 INFO  c.netflix.eureka.registry.AbstractInstanceRegistry:1247 [32m        [0;39m Running the evict task with compensationTime 3ms
2022-09-20 18:49:49.840 INFO  c.netflix.eureka.registry.AbstractInstanceRegistry:1247 [32m        [0;39m Running the evict task with compensationTime 9ms
2022-09-20 18:50:49.850 INFO  c.netflix.eureka.registry.AbstractInstanceRegistry:1247 [32m        [0;39m Running the evict task with compensationTime 8ms
2022-09-20 18:51:49.851 INFO  c.netflix.eureka.registry.AbstractInstanceRegistry:1247 [32m        [0;39m Running the evict task with compensationTime 0ms
2022-09-20 18:52:49.469 WARN  com.netflix.eureka.cluster.PeerEurekaNodes        :155  [32m        [0;39m The replica size seems to be empty. Check the route 53 DNS Registry
2022-09-20 18:52:49.861 INFO  c.netflix.eureka.registry.AbstractInstanceRegistry:1247 [32m        [0;39m Running the evict task with compensationTime 9ms
2022-09-20 18:53:49.872 INFO  c.netflix.eureka.registry.AbstractInstanceRegistry:1247 [32m        [0;39m Running the evict task with compensationTime 8ms
2022-09-20 19:22:06.596 INFO  c.netflix.eureka.registry.AbstractInstanceRegistry:1247 [32m        [0;39m Running the evict task with compensationTime 9ms
2022-09-20 19:38:38.575 INFO  c.netflix.eureka.registry.AbstractInstanceRegistry:1247 [32m        [0;39m Running the evict task with compensationTime 9ms
2022-09-20 19:39:38.584 INFO  c.netflix.eureka.registry.AbstractInstanceRegistry:1247 [32m        [0;39m Running the evict task with compensationTime 7ms
2022-09-20 19:40:38.189 INFO  c.n.eureka.registry.PeerAwareInstanceRegistryImpl :552  [32m        [0;39m Current renewal threshold is : 3
2022-09-20 19:40:38.589 INFO  c.netflix.eureka.registry.AbstractInstanceRegistry:1247 [32m        [0;39m Running the evict task with compensationTime 4ms
2022-09-20 19:41:38.597 INFO  c.netflix.eureka.registry.AbstractInstanceRegistry:1247 [32m        [0;39m Running the evict task with compensationTime 7ms
2022-09-20 19:42:38.607 INFO  c.netflix.eureka.registry.AbstractInstanceRegistry:1247 [32m        [0;39m Running the evict task with compensationTime 10ms
2022-09-20 19:43:38.614 INFO  c.netflix.eureka.registry.AbstractInstanceRegistry:1247 [32m        [0;39m Running the evict task with compensationTime 6ms
2022-09-20 19:44:38.620 INFO  c.netflix.eureka.registry.AbstractInstanceRegistry:1247 [32m        [0;39m Running the evict task with compensationTime 5ms
2022-09-20 19:45:38.165 WARN  com.netflix.eureka.cluster.PeerEurekaNodes        :155  [32m        [0;39m The replica size seems to be empty. Check the route 53 DNS Registry
2022-09-20 19:45:38.625 INFO  c.netflix.eureka.registry.AbstractInstanceRegistry:1247 [32m        [0;39m Running the evict task with compensationTime 5ms
2022-09-20 20:01:33.935 INFO  c.netflix.eureka.registry.AbstractInstanceRegistry:1247 [32m        [0;39m Running the evict task with compensationTime 8ms
2022-09-20 20:08:37.997 INFO  c.netflix.eureka.registry.AbstractInstanceRegistry:1247 [32m        [0;39m Running the evict task with compensationTime 3ms
2022-09-20 20:16:21.385 INFO  c.netflix.eureka.registry.AbstractInstanceRegistry:1247 [32m        [0;39m Running the evict task with compensationTime 10ms
2022-09-20 20:17:21.387 INFO  c.netflix.eureka.registry.AbstractInstanceRegistry:1247 [32m        [0;39m Running the evict task with compensationTime 4ms
2022-09-20 20:18:21.388 INFO  c.netflix.eureka.registry.AbstractInstanceRegistry:1247 [32m        [0;39m Running the evict task with compensationTime 2ms
2022-09-20 20:19:21.388 INFO  c.netflix.eureka.registry.AbstractInstanceRegistry:1247 [32m        [0;39m Running the evict task with compensationTime 0ms
2022-09-20 20:20:21.392 INFO  c.netflix.eureka.registry.AbstractInstanceRegistry:1247 [32m        [0;39m Running the evict task with compensationTime 4ms
2022-09-20 20:21:46.805 INFO  c.netflix.eureka.registry.AbstractInstanceRegistry:1247 [32m        [0;39m Running the evict task with compensationTime 5ms
2022-09-20 20:44:43.679 INFO  c.netflix.eureka.registry.AbstractInstanceRegistry:1247 [32m        [0;39m Running the evict task with compensationTime 6ms
2022-09-20 20:54:39.029 WARN  com.netflix.eureka.cluster.PeerEurekaNodes        :155  [32m        [0;39m The replica size seems to be empty. Check the route 53 DNS Registry
2022-09-20 20:54:39.054 INFO  c.n.eureka.registry.PeerAwareInstanceRegistryImpl :552  [32m        [0;39m Current renewal threshold is : 3
2022-09-20 20:54:39.539 INFO  c.netflix.eureka.registry.AbstractInstanceRegistry:1247 [32m        [0;39m Running the evict task with compensationTime 8ms
2022-09-20 21:11:58.797 INFO  c.netflix.eureka.registry.AbstractInstanceRegistry:1247 [32m        [0;39m Running the evict task with compensationTime 1ms
2022-09-20 21:12:58.800 INFO  c.netflix.eureka.registry.AbstractInstanceRegistry:1247 [32m        [0;39m Running the evict task with compensationTime 10ms
2022-09-20 21:13:58.801 INFO  c.netflix.eureka.registry.AbstractInstanceRegistry:1247 [32m        [0;39m Running the evict task with compensationTime 1ms
2022-09-20 21:14:58.804 INFO  c.netflix.eureka.registry.AbstractInstanceRegistry:1247 [32m        [0;39m Running the evict task with compensationTime 4ms
2022-09-20 21:15:58.805 INFO  c.netflix.eureka.registry.AbstractInstanceRegistry:1247 [32m        [0;39m Running the evict task with compensationTime 1ms
2022-09-20 21:16:58.815 INFO  c.netflix.eureka.registry.AbstractInstanceRegistry:1247 [32m        [0;39m Running the evict task with compensationTime 10ms
2022-09-20 21:17:58.818 INFO  c.netflix.eureka.registry.AbstractInstanceRegistry:1247 [32m        [0;39m Running the evict task with compensationTime 4ms
2022-09-20 21:18:58.827 INFO  c.netflix.eureka.registry.AbstractInstanceRegistry:1247 [32m        [0;39m Running the evict task with compensationTime 10ms
2022-09-20 21:19:58.830 INFO  c.netflix.eureka.registry.AbstractInstanceRegistry:1247 [32m        [0;39m Running the evict task with compensationTime 3ms
2022-09-20 21:20:58.279 WARN  com.netflix.eureka.cluster.PeerEurekaNodes        :155  [32m        [0;39m The replica size seems to be empty. Check the route 53 DNS Registry
2022-09-20 21:20:58.839 INFO  c.netflix.eureka.registry.AbstractInstanceRegistry:1247 [32m        [0;39m Running the evict task with compensationTime 10ms
2022-09-20 21:21:58.845 INFO  c.netflix.eureka.registry.AbstractInstanceRegistry:1247 [32m        [0;39m Running the evict task with compensationTime 6ms
2022-09-20 21:22:58.852 INFO  c.netflix.eureka.registry.AbstractInstanceRegistry:1247 [32m        [0;39m Running the evict task with compensationTime 7ms
2022-09-20 21:39:59.777 INFO  c.netflix.eureka.registry.AbstractInstanceRegistry:1247 [32m        [0;39m Running the evict task with compensationTime 9ms
2022-09-20 22:40:49.914 INFO  c.netflix.eureka.registry.AbstractInstanceRegistry:1247 [32m        [0;39m Running the evict task with compensationTime 0ms
2022-09-20 22:41:49.353 INFO  c.n.eureka.registry.PeerAwareInstanceRegistryImpl :552  [32m        [0;39m Current renewal threshold is : 3
2022-09-20 22:41:49.917 INFO  c.netflix.eureka.registry.AbstractInstanceRegistry:1247 [32m        [0;39m Running the evict task with compensationTime 3ms
2022-09-20 22:42:34.153 INFO  c.netflix.eureka.registry.AbstractInstanceRegistry:266  [32m        [0;39m Registered instance BUSINESS/localhost:business:9002 with status DOWN (replication=false)
2022-09-20 22:42:37.165 INFO  c.netflix.eureka.registry.AbstractInstanceRegistry:328  [32m        [0;39m Cancelled instance BUSINESS/localhost:business:9002 (replication=false)
2022-09-20 22:42:49.919 INFO  c.netflix.eureka.registry.AbstractInstanceRegistry:1247 [32m        [0;39m Running the evict task with compensationTime 2ms
2022-09-20 22:43:49.922 INFO  c.netflix.eureka.registry.AbstractInstanceRegistry:1247 [32m        [0;39m Running the evict task with compensationTime 2ms
2022-09-20 22:44:49.926 INFO  c.netflix.eureka.registry.AbstractInstanceRegistry:1247 [32m        [0;39m Running the evict task with compensationTime 4ms
2022-09-20 22:45:49.930 INFO  c.netflix.eureka.registry.AbstractInstanceRegistry:1247 [32m        [0;39m Running the evict task with compensationTime 4ms
2022-09-20 22:46:49.336 WARN  com.netflix.eureka.cluster.PeerEurekaNodes        :155  [32m        [0;39m The replica size seems to be empty. Check the route 53 DNS Registry
2022-09-20 22:46:49.933 INFO  c.netflix.eureka.registry.AbstractInstanceRegistry:1247 [32m        [0;39m Running the evict task with compensationTime 2ms
2022-09-20 22:47:49.938 INFO  c.netflix.eureka.registry.AbstractInstanceRegistry:1247 [32m        [0;39m Running the evict task with compensationTime 5ms
2022-09-20 22:48:49.938 INFO  c.netflix.eureka.registry.AbstractInstanceRegistry:1247 [32m        [0;39m Running the evict task with compensationTime 0ms
2022-09-20 22:49:49.940 INFO  c.netflix.eureka.registry.AbstractInstanceRegistry:1247 [32m        [0;39m Running the evict task with compensationTime 1ms
2022-09-20 22:50:49.945 INFO  c.netflix.eureka.registry.AbstractInstanceRegistry:1247 [32m        [0;39m Running the evict task with compensationTime 5ms
2022-09-20 22:51:49.947 INFO  c.netflix.eureka.registry.AbstractInstanceRegistry:1247 [32m        [0;39m Running the evict task with compensationTime 1ms
2022-09-20 22:52:49.950 INFO  c.netflix.eureka.registry.AbstractInstanceRegistry:1247 [32m        [0;39m Running the evict task with compensationTime 3ms
2022-09-20 22:53:49.955 INFO  c.netflix.eureka.registry.AbstractInstanceRegistry:1247 [32m        [0;39m Running the evict task with compensationTime 5ms
2022-09-20 22:54:49.959 INFO  c.netflix.eureka.registry.AbstractInstanceRegistry:1247 [32m        [0;39m Running the evict task with compensationTime 4ms
2022-09-20 22:55:49.964 INFO  c.netflix.eureka.registry.AbstractInstanceRegistry:1247 [32m        [0;39m Running the evict task with compensationTime 5ms
2022-09-20 22:56:49.340 WARN  com.netflix.eureka.cluster.PeerEurekaNodes        :155  [32m        [0;39m The replica size seems to be empty. Check the route 53 DNS Registry
2022-09-20 22:56:49.355 INFO  c.n.eureka.registry.PeerAwareInstanceRegistryImpl :552  [32m        [0;39m Current renewal threshold is : 1
2022-09-20 22:56:49.969 INFO  c.netflix.eureka.registry.AbstractInstanceRegistry:1247 [32m        [0;39m Running the evict task with compensationTime 5ms
2022-09-20 22:57:49.974 INFO  c.netflix.eureka.registry.AbstractInstanceRegistry:1247 [32m        [0;39m Running the evict task with compensationTime 4ms
2022-09-20 22:58:49.978 INFO  c.netflix.eureka.registry.AbstractInstanceRegistry:1247 [32m        [0;39m Running the evict task with compensationTime 4ms
2022-09-20 22:59:49.983 INFO  c.netflix.eureka.registry.AbstractInstanceRegistry:1247 [32m        [0;39m Running the evict task with compensationTime 4ms
2022-09-20 23:00:49.985 INFO  c.netflix.eureka.registry.AbstractInstanceRegistry:1247 [32m        [0;39m Running the evict task with compensationTime 2ms
2022-09-20 23:01:49.989 INFO  c.netflix.eureka.registry.AbstractInstanceRegistry:1247 [32m        [0;39m Running the evict task with compensationTime 4ms
2022-09-20 23:02:49.993 INFO  c.netflix.eureka.registry.AbstractInstanceRegistry:1247 [32m        [0;39m Running the evict task with compensationTime 3ms
2022-09-20 23:03:49.993 INFO  c.netflix.eureka.registry.AbstractInstanceRegistry:1247 [32m        [0;39m Running the evict task with compensationTime 0ms
2022-09-20 23:04:49.994 INFO  c.netflix.eureka.registry.AbstractInstanceRegistry:1247 [32m        [0;39m Running the evict task with compensationTime 2ms
2022-09-20 23:05:49.996 INFO  c.netflix.eureka.registry.AbstractInstanceRegistry:1247 [32m        [0;39m Running the evict task with compensationTime 2ms
2022-09-20 23:06:49.342 WARN  com.netflix.eureka.cluster.PeerEurekaNodes        :155  [32m        [0;39m The replica size seems to be empty. Check the route 53 DNS Registry
2022-09-20 23:06:50.000 INFO  c.netflix.eureka.registry.AbstractInstanceRegistry:1247 [32m        [0;39m Running the evict task with compensationTime 4ms
2022-09-20 23:07:50.003 INFO  c.netflix.eureka.registry.AbstractInstanceRegistry:1247 [32m        [0;39m Running the evict task with compensationTime 3ms
2022-09-20 23:08:50.003 INFO  c.netflix.eureka.registry.AbstractInstanceRegistry:1247 [32m        [0;39m Running the evict task with compensationTime 0ms
2022-09-20 23:09:50.004 INFO  c.netflix.eureka.registry.AbstractInstanceRegistry:1247 [32m        [0;39m Running the evict task with compensationTime 0ms
2022-09-20 23:10:50.012 INFO  c.netflix.eureka.registry.AbstractInstanceRegistry:1247 [32m        [0;39m Running the evict task with compensationTime 8ms
2022-09-20 23:11:49.355 INFO  c.n.eureka.registry.PeerAwareInstanceRegistryImpl :552  [32m        [0;39m Current renewal threshold is : 1
2022-09-20 23:11:50.016 INFO  c.netflix.eureka.registry.AbstractInstanceRegistry:1247 [32m        [0;39m Running the evict task with compensationTime 3ms
2022-09-20 23:12:50.022 INFO  c.netflix.eureka.registry.AbstractInstanceRegistry:1247 [32m        [0;39m Running the evict task with compensationTime 6ms
2022-09-20 23:13:50.032 INFO  c.netflix.eureka.registry.AbstractInstanceRegistry:1247 [32m        [0;39m Running the evict task with compensationTime 10ms
2022-09-20 23:14:50.036 INFO  c.netflix.eureka.registry.AbstractInstanceRegistry:1247 [32m        [0;39m Running the evict task with compensationTime 4ms
2022-09-20 23:15:50.041 INFO  c.netflix.eureka.registry.AbstractInstanceRegistry:1247 [32m        [0;39m Running the evict task with compensationTime 4ms
2022-09-20 23:16:49.341 WARN  com.netflix.eureka.cluster.PeerEurekaNodes        :155  [32m        [0;39m The replica size seems to be empty. Check the route 53 DNS Registry
2022-09-20 23:16:50.045 INFO  c.netflix.eureka.registry.AbstractInstanceRegistry:1247 [32m        [0;39m Running the evict task with compensationTime 4ms
2022-09-20 23:17:50.050 INFO  c.netflix.eureka.registry.AbstractInstanceRegistry:1247 [32m        [0;39m Running the evict task with compensationTime 5ms
2022-09-20 23:18:50.055 INFO  c.netflix.eureka.registry.AbstractInstanceRegistry:1247 [32m        [0;39m Running the evict task with compensationTime 5ms
2022-09-20 23:19:50.060 INFO  c.netflix.eureka.registry.AbstractInstanceRegistry:1247 [32m        [0;39m Running the evict task with compensationTime 37ms
2022-09-20 23:20:50.063 INFO  c.netflix.eureka.registry.AbstractInstanceRegistry:1247 [32m        [0;39m Running the evict task with compensationTime 5ms
2022-09-20 23:21:50.067 INFO  c.netflix.eureka.registry.AbstractInstanceRegistry:1247 [32m        [0;39m Running the evict task with compensationTime 4ms
2022-09-20 23:22:50.070 INFO  c.netflix.eureka.registry.AbstractInstanceRegistry:1247 [32m        [0;39m Running the evict task with compensationTime 3ms
2022-09-20 23:23:50.071 INFO  c.netflix.eureka.registry.AbstractInstanceRegistry:1247 [32m        [0;39m Running the evict task with compensationTime 1ms
2022-09-20 23:24:50.076 INFO  c.netflix.eureka.registry.AbstractInstanceRegistry:1247 [32m        [0;39m Running the evict task with compensationTime 5ms
2022-09-20 23:25:50.079 INFO  c.netflix.eureka.registry.AbstractInstanceRegistry:1247 [32m        [0;39m Running the evict task with compensationTime 3ms
2022-09-20 23:26:49.307 WARN  com.netflix.eureka.cluster.PeerEurekaNodes        :155  [32m        [0;39m The replica size seems to be empty. Check the route 53 DNS Registry
2022-09-20 23:26:49.360 INFO  c.n.eureka.registry.PeerAwareInstanceRegistryImpl :552  [32m        [0;39m Current renewal threshold is : 1
2022-09-20 23:26:50.083 INFO  c.netflix.eureka.registry.AbstractInstanceRegistry:1247 [32m        [0;39m Running the evict task with compensationTime 4ms
2022-09-20 23:27:50.087 INFO  c.netflix.eureka.registry.AbstractInstanceRegistry:1247 [32m        [0;39m Running the evict task with compensationTime 4ms
2022-09-20 23:28:50.087 INFO  c.netflix.eureka.registry.AbstractInstanceRegistry:1247 [32m        [0;39m Running the evict task with compensationTime 0ms
2022-09-20 23:29:50.093 INFO  c.netflix.eureka.registry.AbstractInstanceRegistry:1247 [32m        [0;39m Running the evict task with compensationTime 7ms
2022-09-20 23:30:50.102 INFO  c.netflix.eureka.registry.AbstractInstanceRegistry:1247 [32m        [0;39m Running the evict task with compensationTime 9ms
2022-09-20 23:31:50.109 INFO  c.netflix.eureka.registry.AbstractInstanceRegistry:1247 [32m        [0;39m Running the evict task with compensationTime 7ms
2022-09-20 23:32:50.118 INFO  c.netflix.eureka.registry.AbstractInstanceRegistry:1247 [32m        [0;39m Running the evict task with compensationTime 9ms
2022-09-20 23:33:50.123 INFO  c.netflix.eureka.registry.AbstractInstanceRegistry:1247 [32m        [0;39m Running the evict task with compensationTime 5ms
